<?xml version="1.0" encoding="UTF-8"?>
<!-- Generated by org.testng.reporters.JUnitReportReporter -->
<testsuite skipped="0" hostname="DESKTOP-LPMN131" name="com.test.testSuite.Login" tests="1" failures="0" timestamp="12 二月 2019 03:28:41 GMT" time="4.054" errors="0">
  <testcase name="logPass" time="4.054" classname="com.test.testSuite.Login"/>
</testsuite> <!-- com.test.testSuite.Login -->
