<?xml version="1.0" encoding="UTF-8"?>
<!-- Generated by org.testng.reporters.JUnitReportReporter -->
<testsuite skipped="0" hostname="DESKTOP-LPMN131" name="com.test.testSuite.Login" tests="1" failures="0" timestamp="28 一月 2019 05:50:01 GMT" time="4.154" errors="0">
  <testcase name="logPass" time="4.154" classname="com.test.testSuite.Login"/>
</testsuite> <!-- com.test.testSuite.Login -->
