<?xml version="1.0" encoding="UTF-8"?>
<!-- Generated by org.testng.reporters.JUnitReportReporter -->
<testsuite skipped="0" hostname="DESKTOP-LPMN131" name="test.java.com.test.testSuite.Login" tests="1" failures="0" timestamp="14 二月 2019 06:19:49 GMT" time="3.997" errors="0">
  <testcase name="logPass" time="3.997" classname="test.java.com.test.testSuite.Login"/>
</testsuite> <!-- test.java.com.test.testSuite.Login -->
