<?xml version="1.0" encoding="UTF-8"?>
<!-- Generated by org.testng.reporters.JUnitReportReporter -->
<testsuite skipped="0" hostname="DESKTOP-LPMN131" name="test.java.com.test.testSuite.Login" tests="1" failures="0" timestamp="15 二月 2019 02:25:17 GMT" time="4.266" errors="0">
  <testcase name="logPass" time="4.266" classname="test.java.com.test.testSuite.Login"/>
</testsuite> <!-- test.java.com.test.testSuite.Login -->
