<?xml version="1.0" encoding="UTF-8"?>
<!-- Generated by org.testng.reporters.JUnitReportReporter -->
<testsuite skipped="6" hostname="DESKTOP-LPMN131" name="com.test.testSuite.TestCases" tests="35" failures="0" timestamp="14 二月 2019 02:55:56 GMT" time="178.880" errors="1">
  <testcase name="testSelectDataType_HongGuan" time="2.131" classname="com.test.testSuite.TestCases"/>
  <testcase name="testDataRecover" time="3.343" classname="com.test.testSuite.TestCases">
    <skipped/>
  </testcase> <!-- testDataRecover -->
  <testcase name="testEditDept" time="7.411" classname="com.test.testSuite.TestCases"/>
  <testcase name="testDataUpdateUploadFile" time="14.722" classname="com.test.testSuite.TestCases"/>
  <testcase name="testAddUserFieldLength" time="1.468" classname="com.test.testSuite.TestCases"/>
  <testcase name="testDeleteDept" time="13.270" classname="com.test.testSuite.TestCases"/>
  <testcase name="testConditionQueryAndLocate" time="7.685" classname="com.test.testSuite.TestCases"/>
  <testcase name="testVerifyDeptNameField" time="2.970" classname="com.test.testSuite.TestCases"/>
  <testcase name="testDeleteRole" time="13.477" classname="com.test.testSuite.TestCases"/>
  <testcase name="testSelectFromDropListAndSearchUser" time="0.477" classname="com.test.testSuite.TestCases"/>
  <testcase name="testAddUserFiledNotNull" time="1.376" classname="com.test.testSuite.TestCases"/>
  <testcase name="testDataRecover" time="13.401" classname="com.test.testSuite.TestCases">
    <skipped/>
  </testcase> <!-- testDataRecover -->
  <testcase name="testEditRole" time="7.761" classname="com.test.testSuite.TestCases"/>
  <testcase name="testAddUserPass" time="7.682" classname="com.test.testSuite.TestCases"/>
  <testcase name="testDataBrowseFolder" time="2.255" classname="com.test.testSuite.TestCases"/>
  <testcase name="testInputKeywordAndSearchUser" time="0.377" classname="com.test.testSuite.TestCases"/>
  <testcase name="testAddRolePass" time="8.007" classname="com.test.testSuite.TestCases"/>
  <testcase name="testFenYeInUserRole" time="19.188" classname="com.test.testSuite.TestCases"/>
  <testcase name="testDeleteUser" time="12.834" classname="com.test.testSuite.TestCases"/>
  <testcase name="testRoleNameFieldVerify" time="1.627" classname="com.test.testSuite.TestCases"/>
  <testcase name="testAddDept" time="7.434" classname="com.test.testSuite.TestCases"/>
  <testcase name="testInputRoadNameAndLocate" time="8.394" classname="com.test.testSuite.TestCases"/>
  <testcase name="testSelectFromDropListAndSearchDept" time="1.053" classname="com.test.testSuite.TestCases"/>
  <testcase name="testUserNameNotAllowedDuplicate" time="1.543" classname="com.test.testSuite.TestCases"/>
  <testcase name="testDataRecover" time="3.048" classname="com.test.testSuite.TestCases">
    <error type="java.lang.NullPointerException">
      <![CDATA[java.lang.NullPointerException
at org.openqa.selenium.support.ui.ExpectedConditions.elementIfVisible(ExpectedConditions.java:315)
at org.openqa.selenium.support.ui.ExpectedConditions.access$100(ExpectedConditions.java:44)
at org.openqa.selenium.support.ui.ExpectedConditions$10.apply(ExpectedConditions.java:301)
at org.openqa.selenium.support.ui.ExpectedConditions$10.apply(ExpectedConditions.java:298)
at org.openqa.selenium.support.ui.FluentWait.until(FluentWait.java:248)
at com.test.testSuite.TestCases.testDataRecover(TestCases.java:163)
at sun.reflect.NativeMethodAccessorImpl.invoke0(Native Method)
at sun.reflect.NativeMethodAccessorImpl.invoke(NativeMethodAccessorImpl.java:62)
at sun.reflect.DelegatingMethodAccessorImpl.invoke(DelegatingMethodAccessorImpl.java:43)
at java.lang.reflect.Method.invoke(Method.java:483)
at org.testng.internal.MethodInvocationHelper.invokeMethod(MethodInvocationHelper.java:124)
at org.testng.internal.Invoker.invokeMethod(Invoker.java:583)
at org.testng.internal.Invoker.retryFailed(Invoker.java:839)
at org.testng.internal.Invoker.invokeTestMethods(Invoker.java:1010)
at org.testng.internal.TestMethodWorker.invokeTestMethods(TestMethodWorker.java:125)
at org.testng.internal.TestMethodWorker.run(TestMethodWorker.java:109)
at java.util.concurrent.ThreadPoolExecutor.runWorker(ThreadPoolExecutor.java:1142)
at java.util.concurrent.ThreadPoolExecutor$Worker.run(ThreadPoolExecutor.java:617)
at java.lang.Thread.run(Thread.java:744)
]]>
    </error>
  </testcase> <!-- testDataRecover -->
  <testcase name="testSelectDataTypeAndAreaMeasureInDataQueryFolder" time="1.986" classname="com.test.testSuite.TestCases"/>
  <testcase name="testSelectDataTypeAndMeasureInDataExport" time="2.580" classname="com.test.testSuite.TestCases"/>
  <testcase name="testEditUser" time="9.539" classname="com.test.testSuite.TestCases"/>
  <testcase name="testInputKeywordAndSearchDept" time="0.424" classname="com.test.testSuite.TestCases"/>
  <testcase name="testInputKeywordAndSearchRole" time="0.973" classname="com.test.testSuite.TestCases"/>
  <testcase name="testSelectFromDropListAndSearchRole" time="0.444" classname="com.test.testSuite.TestCases"/>
  <testcase name="TestDemo" classname="com.test.testSuite.TestCases">
    <skipped/>
  </testcase> <!-- TestDemo -->
  <testcase name="testBaiduMap" classname="com.test.testSuite.TestCases">
    <skipped/>
  </testcase> <!-- testBaiduMap -->
  <testcase name="testJavaScriptCalls" classname="com.test.testSuite.TestCases">
    <skipped/>
  </testcase> <!-- testJavaScriptCalls -->
  <testcase name="locateTable" classname="com.test.testSuite.TestCases">
    <skipped/>
  </testcase> <!-- locateTable -->
</testsuite> <!-- com.test.testSuite.TestCases -->
